<?xml version="1.0" encoding="UTF-8"?>
<coverage generated="1497650240307" clover="3.2.0">
  <project timestamp="1497650240307" name="All files">
    <metrics statements="158" coveredstatements="158" conditionals="67" coveredconditionals="67" methods="37" coveredmethods="37" elements="262" coveredelements="262" complexity="0" loc="158" ncloc="158" packages="4" files="14" classes="14">
      <package name="configuration">
        <metrics statements="1" coveredstatements="1" conditionals="0" coveredconditionals="0" methods="0" coveredmethods="0"/>
        <file name="configuration.js" path="/home/jean_desravines/workspace/swagger-express-validator/lib/configuration/configuration.js">
          <metrics statements="1" coveredstatements="1" conditionals="0" coveredconditionals="0" methods="0" coveredmethods="0"/>
          <line num="1" count="3" type="stmt"/>
        </file>
      </package>
      <package name="error.common">
        <metrics statements="14" coveredstatements="14" conditionals="0" coveredconditionals="0" methods="4" coveredmethods="4"/>
        <file name="http-error.js" path="/home/jean_desravines/workspace/swagger-express-validator/lib/error/common/http-error.js">
          <metrics statements="5" coveredstatements="5" conditionals="0" coveredconditionals="0" methods="1" coveredmethods="1"/>
          <line num="17" count="6" type="stmt"/>
          <line num="19" count="6" type="stmt"/>
          <line num="20" count="6" type="stmt"/>
          <line num="21" count="6" type="stmt"/>
          <line num="25" count="2" type="stmt"/>
        </file>
        <file name="internal-error.js" path="/home/jean_desravines/workspace/swagger-express-validator/lib/error/common/internal-error.js">
          <metrics statements="3" coveredstatements="3" conditionals="0" coveredconditionals="0" methods="1" coveredmethods="1"/>
          <line num="1" count="1" type="stmt"/>
          <line num="14" count="2" type="stmt"/>
          <line num="21" count="1" type="stmt"/>
        </file>
        <file name="not-found-error.js" path="/home/jean_desravines/workspace/swagger-express-validator/lib/error/common/not-found-error.js">
          <metrics statements="3" coveredstatements="3" conditionals="0" coveredconditionals="0" methods="1" coveredmethods="1"/>
          <line num="1" count="1" type="stmt"/>
          <line num="15" count="2" type="stmt"/>
          <line num="22" count="1" type="stmt"/>
        </file>
        <file name="unknown-error.js" path="/home/jean_desravines/workspace/swagger-express-validator/lib/error/common/unknown-error.js">
          <metrics statements="3" coveredstatements="3" conditionals="0" coveredconditionals="0" methods="1" coveredmethods="1"/>
          <line num="3" count="1" type="stmt"/>
          <line num="16" count="2" type="stmt"/>
          <line num="23" count="1" type="stmt"/>
        </file>
      </package>
      <package name="error.validator">
        <metrics statements="6" coveredstatements="6" conditionals="0" coveredconditionals="0" methods="2" coveredmethods="2"/>
        <file name="response-body-error.js" path="/home/jean_desravines/workspace/swagger-express-validator/lib/error/validator/response-body-error.js">
          <metrics statements="3" coveredstatements="3" conditionals="0" coveredconditionals="0" methods="1" coveredmethods="1"/>
          <line num="3" count="1" type="stmt"/>
          <line num="17" count="2" type="stmt"/>
          <line num="23" count="1" type="stmt"/>
        </file>
        <file name="response-status-error.js" path="/home/jean_desravines/workspace/swagger-express-validator/lib/error/validator/response-status-error.js">
          <metrics statements="3" coveredstatements="3" conditionals="0" coveredconditionals="0" methods="1" coveredmethods="1"/>
          <line num="3" count="1" type="stmt"/>
          <line num="16" count="2" type="stmt"/>
          <line num="22" count="1" type="stmt"/>
        </file>
      </package>
      <package name="middleware">
        <metrics statements="137" coveredstatements="137" conditionals="67" coveredconditionals="67" methods="31" coveredmethods="31"/>
        <file name="error-handler.js" path="/home/jean_desravines/workspace/swagger-express-validator/lib/middleware/error-handler.js">
          <metrics statements="17" coveredstatements="17" conditionals="12" coveredconditionals="12" methods="3" coveredmethods="3"/>
          <line num="1" count="1" type="stmt"/>
          <line num="2" count="1" type="stmt"/>
          <line num="18" count="1" type="stmt"/>
          <line num="29" count="5" type="stmt"/>
          <line num="37" count="5" type="cond" truecount="2" falsecount="0"/>
          <line num="38" count="1" type="stmt"/>
          <line num="41" count="4" type="stmt"/>
          <line num="42" count="4" type="cond" truecount="2" falsecount="0"/>
          <line num="43" count="4" type="stmt"/>
          <line num="47" count="4" type="cond" truecount="4" falsecount="0"/>
          <line num="48" count="2" type="stmt"/>
          <line num="50" count="7" type="stmt"/>
          <line num="53" count="4" type="cond" truecount="4" falsecount="0"/>
          <line num="54" count="3" type="stmt"/>
          <line num="55" count="3" type="stmt"/>
          <line num="58" count="4" type="stmt"/>
          <line num="63" count="1" type="stmt"/>
        </file>
        <file name="middleware.js" path="/home/jean_desravines/workspace/swagger-express-validator/lib/middleware/middleware.js">
          <metrics statements="10" coveredstatements="10" conditionals="0" coveredconditionals="0" methods="9" coveredmethods="9"/>
          <line num="14" count="2" type="stmt"/>
          <line num="15" count="2" type="stmt"/>
          <line num="16" count="1" type="stmt"/>
          <line num="17" count="1" type="stmt"/>
          <line num="29" count="3" type="stmt"/>
          <line num="30" count="3" type="stmt"/>
          <line num="31" count="2" type="stmt"/>
          <line num="32" count="1" type="stmt"/>
          <line num="39" count="1" type="stmt"/>
          <line num="43" count="6" type="stmt"/>
        </file>
        <file name="request-handler.js" path="/home/jean_desravines/workspace/swagger-express-validator/lib/middleware/request-handler.js">
          <metrics statements="15" coveredstatements="15" conditionals="14" coveredconditionals="14" methods="2" coveredmethods="2"/>
          <line num="1" count="1" type="stmt"/>
          <line num="14" count="8" type="stmt"/>
          <line num="20" count="8" type="stmt"/>
          <line num="21" count="8" type="stmt"/>
          <line num="22" count="8" type="stmt"/>
          <line num="23" count="8" type="stmt"/>
          <line num="24" count="8" type="stmt"/>
          <line num="26" count="8" type="stmt"/>
          <line num="30" count="8" type="cond" truecount="5" falsecount="0"/>
          <line num="31" count="5" type="stmt"/>
          <line num="36" count="5" type="cond" truecount="2" falsecount="0"/>
          <line num="37" count="4" type="stmt"/>
          <line num="38" count="5" type="cond" truecount="2" falsecount="0"/>
          <line num="39" count="4" type="stmt"/>
          <line num="47" count="1" type="stmt"/>
        </file>
        <file name="request-performer.js" path="/home/jean_desravines/workspace/swagger-express-validator/lib/middleware/request-performer.js">
          <metrics statements="14" coveredstatements="14" conditionals="11" coveredconditionals="11" methods="4" coveredmethods="4"/>
          <line num="1" count="1" type="stmt"/>
          <line num="17" count="3" type="stmt"/>
          <line num="20" count="3" type="stmt"/>
          <line num="21" count="3" type="stmt"/>
          <line num="23" count="3" type="cond" truecount="5" falsecount="0"/>
          <line num="24" count="2" type="stmt"/>
          <line num="25" count="2" type="stmt"/>
          <line num="26" count="2" type="cond" truecount="2" falsecount="0"/>
          <line num="27" count="2" type="stmt"/>
          <line num="29" count="2" type="cond" truecount="2" falsecount="0"/>
          <line num="30" count="1" type="stmt"/>
          <line num="34" count="3" type="cond" truecount="2" falsecount="0"/>
          <line num="35" count="2" type="stmt"/>
          <line num="43" count="1" type="stmt"/>
        </file>
        <file name="response-sender.js" path="/home/jean_desravines/workspace/swagger-express-validator/lib/middleware/response-sender.js">
          <metrics statements="5" coveredstatements="5" conditionals="1" coveredconditionals="1" methods="1" coveredmethods="1"/>
          <line num="1" count="1" type="stmt"/>
          <line num="16" count="2" type="stmt"/>
          <line num="22" count="2" type="stmt"/>
          <line num="24" count="2" type="stmt"/>
          <line num="30" count="1" type="stmt"/>
        </file>
        <file name="response-validator.js" path="/home/jean_desravines/workspace/swagger-express-validator/lib/middleware/response-validator.js">
          <metrics statements="28" coveredstatements="28" conditionals="14" coveredconditionals="14" methods="2" coveredmethods="2"/>
          <line num="3" count="1" type="stmt"/>
          <line num="4" count="1" type="stmt"/>
          <line num="5" count="1" type="stmt"/>
          <line num="6" count="1" type="stmt"/>
          <line num="8" count="1" type="stmt"/>
          <line num="9" count="1" type="stmt"/>
          <line num="23" count="6" type="stmt"/>
          <line num="31" count="6" type="stmt"/>
          <line num="32" count="6" type="stmt"/>
          <line num="34" count="6" type="stmt"/>
          <line num="46" count="6" type="stmt"/>
          <line num="47" count="6" type="stmt"/>
          <line num="48" count="6" type="stmt"/>
          <line num="49" count="6" type="stmt"/>
          <line num="51" count="6" type="cond" truecount="2" falsecount="0"/>
          <line num="52" count="6" type="stmt"/>
          <line num="54" count="6" type="cond" truecount="2" falsecount="0"/>
          <line num="55" count="1" type="stmt"/>
          <line num="58" count="5" type="cond" truecount="2" falsecount="0"/>
          <line num="59" count="4" type="stmt"/>
          <line num="61" count="4" type="cond" truecount="2" falsecount="0"/>
          <line num="62" count="3" type="stmt"/>
          <line num="63" count="3" type="stmt"/>
          <line num="66" count="4" type="cond" truecount="2" falsecount="0"/>
          <line num="67" count="1" type="stmt"/>
          <line num="71" count="4" type="cond" truecount="2" falsecount="0"/>
          <line num="72" count="3" type="stmt"/>
          <line num="77" count="1" type="stmt"/>
        </file>
        <file name="router.js" path="/home/jean_desravines/workspace/swagger-express-validator/lib/middleware/router.js">
          <metrics statements="48" coveredstatements="48" conditionals="15" coveredconditionals="15" methods="10" coveredmethods="10"/>
          <line num="3" count="1" type="stmt"/>
          <line num="4" count="1" type="stmt"/>
          <line num="5" count="1" type="stmt"/>
          <line num="22" count="18" type="stmt"/>
          <line num="28" count="18" type="stmt"/>
          <line num="34" count="18" type="stmt"/>
          <line num="40" count="18" type="stmt"/>
          <line num="47" count="3" type="cond" truecount="2" falsecount="0"/>
          <line num="48" count="1" type="stmt"/>
          <line num="51" count="2" type="stmt"/>
          <line num="52" count="2" type="stmt"/>
          <line num="53" count="2" type="stmt"/>
          <line num="62" count="2" type="cond" truecount="2" falsecount="0"/>
          <line num="63" count="1" type="stmt"/>
          <line num="66" count="1" type="stmt"/>
          <line num="77" count="1" type="stmt"/>
          <line num="84" count="1" type="stmt"/>
          <line num="89" count="1" type="stmt"/>
          <line num="96" count="1" type="stmt"/>
          <line num="103" count="4" type="stmt"/>
          <line num="104" count="4" type="stmt"/>
          <line num="105" count="4" type="stmt"/>
          <line num="107" count="4" type="stmt"/>
          <line num="108" count="4" type="stmt"/>
          <line num="110" count="4" type="stmt"/>
          <line num="111" count="4" type="stmt"/>
          <line num="112" count="4" type="stmt"/>
          <line num="113" count="4" type="cond" truecount="2" falsecount="0"/>
          <line num="116" count="4" type="stmt"/>
          <line num="117" count="4" type="stmt"/>
          <line num="118" count="4" type="stmt"/>
          <line num="119" count="4" type="stmt"/>
          <line num="121" count="4" type="stmt"/>
          <line num="142" count="6" type="stmt"/>
          <line num="146" count="6" type="stmt"/>
          <line num="148" count="6" type="stmt"/>
          <line num="149" count="9" type="cond" truecount="2" falsecount="0"/>
          <line num="150" count="3" type="stmt"/>
          <line num="153" count="6" type="stmt"/>
          <line num="154" count="6" type="cond" truecount="2" falsecount="0"/>
          <line num="155" count="6" type="stmt"/>
          <line num="156" count="6" type="stmt"/>
          <line num="158" count="6" type="cond" truecount="2" falsecount="0"/>
          <line num="159" count="1" type="stmt"/>
          <line num="164" count="5" type="cond" truecount="2" falsecount="0"/>
          <line num="167" count="5" type="stmt"/>
          <line num="179" count="4" type="stmt"/>
          <line num="183" count="1" type="stmt"/>
        </file>
      </package>
    </metrics>
  </project>
</coverage>
