<?xml version="1.0" encoding="UTF-8"?>
<coverage generated="1497464849694" clover="3.2.0">
  <project timestamp="1497464849694" name="All files">
    <metrics statements="126" coveredstatements="125" conditionals="60" coveredconditionals="58" methods="35" coveredmethods="34" elements="221" coveredelements="217" complexity="0" loc="126" ncloc="126" packages="5" files="15" classes="15">
      <package name="lib.configuration">
        <metrics statements="1" coveredstatements="1" conditionals="0" coveredconditionals="0" methods="0" coveredmethods="0"/>
        <file name="configuration.js" path="/home/jean_desravines/workspace/swagger-express-validator/lib/configuration/configuration.js">
          <metrics statements="1" coveredstatements="1" conditionals="0" coveredconditionals="0" methods="0" coveredmethods="0"/>
          <line num="1" count="3" type="stmt"/>
        </file>
      </package>
      <package name="lib.error.common">
        <metrics statements="11" coveredstatements="11" conditionals="0" coveredconditionals="0" methods="3" coveredmethods="3"/>
        <file name="http-error.js" path="/home/jean_desravines/workspace/swagger-express-validator/lib/error/common/http-error.js">
          <metrics statements="5" coveredstatements="5" conditionals="0" coveredconditionals="0" methods="1" coveredmethods="1"/>
          <line num="17" count="4" type="stmt"/>
          <line num="19" count="4" type="stmt"/>
          <line num="20" count="4" type="stmt"/>
          <line num="21" count="4" type="stmt"/>
          <line num="25" count="1" type="stmt"/>
        </file>
        <file name="internal-error.js" path="/home/jean_desravines/workspace/swagger-express-validator/lib/error/common/internal-error.js">
          <metrics statements="3" coveredstatements="3" conditionals="0" coveredconditionals="0" methods="1" coveredmethods="1"/>
          <line num="1" count="1" type="stmt"/>
          <line num="14" count="2" type="stmt"/>
          <line num="21" count="1" type="stmt"/>
        </file>
        <file name="unknown-error.js" path="/home/jean_desravines/workspace/swagger-express-validator/lib/error/common/unknown-error.js">
          <metrics statements="3" coveredstatements="3" conditionals="0" coveredconditionals="0" methods="1" coveredmethods="1"/>
          <line num="3" count="1" type="stmt"/>
          <line num="16" count="2" type="stmt"/>
          <line num="23" count="1" type="stmt"/>
        </file>
      </package>
      <package name="lib.error.validator">
        <metrics statements="6" coveredstatements="6" conditionals="0" coveredconditionals="0" methods="2" coveredmethods="2"/>
        <file name="response-body-error.js" path="/home/jean_desravines/workspace/swagger-express-validator/lib/error/validator/response-body-error.js">
          <metrics statements="3" coveredstatements="3" conditionals="0" coveredconditionals="0" methods="1" coveredmethods="1"/>
          <line num="3" count="1" type="stmt"/>
          <line num="17" count="2" type="stmt"/>
          <line num="23" count="1" type="stmt"/>
        </file>
        <file name="response-status-error.js" path="/home/jean_desravines/workspace/swagger-express-validator/lib/error/validator/response-status-error.js">
          <metrics statements="3" coveredstatements="3" conditionals="0" coveredconditionals="0" methods="1" coveredmethods="1"/>
          <line num="3" count="1" type="stmt"/>
          <line num="16" count="2" type="stmt"/>
          <line num="22" count="1" type="stmt"/>
        </file>
      </package>
      <package name="lib.middleware">
        <metrics statements="88" coveredstatements="88" conditionals="52" coveredconditionals="52" methods="20" coveredmethods="20"/>
        <file name="error-handler.js" path="/home/jean_desravines/workspace/swagger-express-validator/lib/middleware/error-handler.js">
          <metrics statements="16" coveredstatements="16" conditionals="12" coveredconditionals="12" methods="2" coveredmethods="2"/>
          <line num="1" count="1" type="stmt"/>
          <line num="2" count="1" type="stmt"/>
          <line num="17" count="5" type="stmt"/>
          <line num="25" count="5" type="cond" truecount="2" falsecount="0"/>
          <line num="26" count="1" type="stmt"/>
          <line num="29" count="4" type="stmt"/>
          <line num="30" count="4" type="cond" truecount="2" falsecount="0"/>
          <line num="31" count="4" type="stmt"/>
          <line num="35" count="4" type="cond" truecount="4" falsecount="0"/>
          <line num="36" count="2" type="stmt"/>
          <line num="38" count="7" type="stmt"/>
          <line num="41" count="4" type="cond" truecount="4" falsecount="0"/>
          <line num="42" count="3" type="stmt"/>
          <line num="43" count="3" type="stmt"/>
          <line num="46" count="4" type="stmt"/>
          <line num="51" count="1" type="stmt"/>
        </file>
        <file name="middleware.js" path="/home/jean_desravines/workspace/swagger-express-validator/lib/middleware/middleware.js">
          <metrics statements="10" coveredstatements="10" conditionals="0" coveredconditionals="0" methods="9" coveredmethods="9"/>
          <line num="14" count="2" type="stmt"/>
          <line num="15" count="2" type="stmt"/>
          <line num="16" count="1" type="stmt"/>
          <line num="17" count="1" type="stmt"/>
          <line num="29" count="2" type="stmt"/>
          <line num="30" count="2" type="stmt"/>
          <line num="31" count="1" type="stmt"/>
          <line num="32" count="1" type="stmt"/>
          <line num="39" count="1" type="stmt"/>
          <line num="43" count="6" type="stmt"/>
        </file>
        <file name="request-handler.js" path="/home/jean_desravines/workspace/swagger-express-validator/lib/middleware/request-handler.js">
          <metrics statements="15" coveredstatements="15" conditionals="14" coveredconditionals="14" methods="2" coveredmethods="2"/>
          <line num="1" count="1" type="stmt"/>
          <line num="14" count="8" type="stmt"/>
          <line num="20" count="8" type="stmt"/>
          <line num="21" count="8" type="stmt"/>
          <line num="22" count="8" type="stmt"/>
          <line num="23" count="8" type="stmt"/>
          <line num="24" count="8" type="stmt"/>
          <line num="26" count="8" type="stmt"/>
          <line num="30" count="8" type="cond" truecount="5" falsecount="0"/>
          <line num="31" count="5" type="stmt"/>
          <line num="36" count="5" type="cond" truecount="2" falsecount="0"/>
          <line num="37" count="4" type="stmt"/>
          <line num="38" count="5" type="cond" truecount="2" falsecount="0"/>
          <line num="39" count="4" type="stmt"/>
          <line num="47" count="1" type="stmt"/>
        </file>
        <file name="request-performer.js" path="/home/jean_desravines/workspace/swagger-express-validator/lib/middleware/request-performer.js">
          <metrics statements="14" coveredstatements="14" conditionals="11" coveredconditionals="11" methods="4" coveredmethods="4"/>
          <line num="1" count="1" type="stmt"/>
          <line num="17" count="3" type="stmt"/>
          <line num="20" count="3" type="stmt"/>
          <line num="21" count="3" type="stmt"/>
          <line num="23" count="3" type="cond" truecount="5" falsecount="0"/>
          <line num="24" count="2" type="stmt"/>
          <line num="25" count="2" type="stmt"/>
          <line num="26" count="2" type="cond" truecount="2" falsecount="0"/>
          <line num="27" count="2" type="stmt"/>
          <line num="29" count="2" type="cond" truecount="2" falsecount="0"/>
          <line num="30" count="1" type="stmt"/>
          <line num="34" count="3" type="cond" truecount="2" falsecount="0"/>
          <line num="35" count="2" type="stmt"/>
          <line num="43" count="1" type="stmt"/>
        </file>
        <file name="response-sender.js" path="/home/jean_desravines/workspace/swagger-express-validator/lib/middleware/response-sender.js">
          <metrics statements="5" coveredstatements="5" conditionals="1" coveredconditionals="1" methods="1" coveredmethods="1"/>
          <line num="1" count="1" type="stmt"/>
          <line num="16" count="2" type="stmt"/>
          <line num="22" count="2" type="stmt"/>
          <line num="24" count="2" type="stmt"/>
          <line num="30" count="1" type="stmt"/>
        </file>
        <file name="response-validator.js" path="/home/jean_desravines/workspace/swagger-express-validator/lib/middleware/response-validator.js">
          <metrics statements="28" coveredstatements="28" conditionals="14" coveredconditionals="14" methods="2" coveredmethods="2"/>
          <line num="3" count="1" type="stmt"/>
          <line num="4" count="1" type="stmt"/>
          <line num="5" count="1" type="stmt"/>
          <line num="6" count="1" type="stmt"/>
          <line num="8" count="1" type="stmt"/>
          <line num="9" count="1" type="stmt"/>
          <line num="23" count="6" type="stmt"/>
          <line num="31" count="6" type="stmt"/>
          <line num="32" count="6" type="stmt"/>
          <line num="34" count="6" type="stmt"/>
          <line num="46" count="6" type="stmt"/>
          <line num="47" count="6" type="stmt"/>
          <line num="48" count="6" type="stmt"/>
          <line num="49" count="6" type="stmt"/>
          <line num="51" count="6" type="cond" truecount="2" falsecount="0"/>
          <line num="52" count="6" type="stmt"/>
          <line num="54" count="6" type="cond" truecount="2" falsecount="0"/>
          <line num="55" count="1" type="stmt"/>
          <line num="58" count="5" type="cond" truecount="2" falsecount="0"/>
          <line num="59" count="4" type="stmt"/>
          <line num="61" count="4" type="cond" truecount="2" falsecount="0"/>
          <line num="62" count="3" type="stmt"/>
          <line num="63" count="3" type="stmt"/>
          <line num="66" count="4" type="cond" truecount="2" falsecount="0"/>
          <line num="67" count="1" type="stmt"/>
          <line num="71" count="4" type="cond" truecount="2" falsecount="0"/>
          <line num="72" count="3" type="stmt"/>
          <line num="77" count="1" type="stmt"/>
        </file>
      </package>
      <package name="test.mock">
        <metrics statements="20" coveredstatements="19" conditionals="8" coveredconditionals="6" methods="10" coveredmethods="9"/>
        <file name="request.js" path="/home/jean_desravines/workspace/swagger-express-validator/test/mock/request.js">
          <metrics statements="5" coveredstatements="5" conditionals="3" coveredconditionals="3" methods="2" coveredmethods="2"/>
          <line num="10" count="27" type="stmt"/>
          <line num="19" count="27" type="stmt"/>
          <line num="21" count="27" type="stmt"/>
          <line num="22" count="35" type="cond" truecount="2" falsecount="0"/>
          <line num="29" count="6" type="stmt"/>
        </file>
        <file name="response.js" path="/home/jean_desravines/workspace/swagger-express-validator/test/mock/response.js">
          <metrics statements="7" coveredstatements="7" conditionals="3" coveredconditionals="2" methods="2" coveredmethods="2"/>
          <line num="10" count="14" type="stmt"/>
          <line num="11" count="14" type="stmt"/>
          <line num="12" count="14" type="stmt"/>
          <line num="13" count="14" type="stmt"/>
          <line num="15" count="14" type="stmt"/>
          <line num="16" count="1" type="cond" truecount="1" falsecount="1"/>
          <line num="23" count="4" type="stmt"/>
        </file>
        <file name="sandbox.js" path="/home/jean_desravines/workspace/swagger-express-validator/test/mock/sandbox.js">
          <metrics statements="8" coveredstatements="7" conditionals="2" coveredconditionals="1" methods="6" coveredmethods="5"/>
          <line num="12" count="1" type="stmt"/>
          <line num="22" count="4" type="cond" truecount="1" falsecount="1"/>
          <line num="23" count="0" type="stmt"/>
          <line num="26" count="4" type="stmt"/>
          <line num="33" count="5" type="stmt"/>
          <line num="34" count="5" type="stmt"/>
          <line num="42" count="1" type="stmt"/>
          <line num="46" count="1" type="stmt"/>
        </file>
      </package>
    </metrics>
  </project>
</coverage>
