{"/home/jean_desravines/workspace/swagger-express-validator/lib/error/common/http-error.js": {"path":"/home/jean_desravines/workspace/swagger-express-validator/lib/error/common/http-error.js","statementMap":{"0":{"start":{"line":17,"column":4},"end":{"line":17,"column":19}},"1":{"start":{"line":19,"column":4},"end":{"line":19,"column":32}},"2":{"start":{"line":20,"column":4},"end":{"line":20,"column":38}},"3":{"start":{"line":21,"column":4},"end":{"line":21,"column":30}},"4":{"start":{"line":25,"column":0},"end":{"line":25,"column":27}}},"fnMap":{"0":{"name":"(anonymous_0)","decl":{"start":{"line":16,"column":2},"end":{"line":16,"column":3}},"loc":{"start":{"line":16,"column":29},"end":{"line":22,"column":3}},"line":16}},"branchMap":{},"s":{"0":2,"1":2,"2":2,"3":2,"4":1},"f":{"0":2},"b":{},"_coverageSchema":"332fd63041d2c1bcb487cc26dd0d5f7d97098a6c","hash":"1f049d1c75aff7aa3505a3c9c3eeee0f0f063463"}
,"/home/jean_desravines/workspace/swagger-express-validator/lib/error/common/not-found-error.js": {"path":"/home/jean_desravines/workspace/swagger-express-validator/lib/error/common/not-found-error.js","statementMap":{"0":{"start":{"line":1,"column":18},"end":{"line":1,"column":41}},"1":{"start":{"line":15,"column":4},"end":{"line":18,"column":7}},"2":{"start":{"line":22,"column":0},"end":{"line":22,"column":31}}},"fnMap":{"0":{"name":"(anonymous_0)","decl":{"start":{"line":14,"column":2},"end":{"line":14,"column":3}},"loc":{"start":{"line":14,"column":23},"end":{"line":19,"column":3}},"line":14}},"branchMap":{},"s":{"0":1,"1":2,"2":1},"f":{"0":2},"b":{},"_coverageSchema":"332fd63041d2c1bcb487cc26dd0d5f7d97098a6c","hash":"aa46162636b09b527a4fdeb35253c8f081c775de"}
,"/home/jean_desravines/workspace/swagger-express-validator/lib/middleware/router.js": {"path":"/home/jean_desravines/workspace/swagger-express-validator/lib/middleware/router.js","statementMap":{"0":{"start":{"line":3,"column":13},"end":{"line":3,"column":28}},"1":{"start":{"line":4,"column":16},"end":{"line":4,"column":34}},"2":{"start":{"line":5,"column":22},"end":{"line":5,"column":64}},"3":{"start":{"line":22,"column":4},"end":{"line":22,"column":35}},"4":{"start":{"line":28,"column":4},"end":{"line":28,"column":31}},"5":{"start":{"line":34,"column":4},"end":{"line":34,"column":29}},"6":{"start":{"line":40,"column":4},"end":{"line":40,"column":39}},"7":{"start":{"line":47,"column":4},"end":{"line":49,"column":5}},"8":{"start":{"line":48,"column":6},"end":{"line":48,"column":13}},"9":{"start":{"line":51,"column":4},"end":{"line":51,"column":28}},"10":{"start":{"line":52,"column":4},"end":{"line":52,"column":27}},"11":{"start":{"line":53,"column":4},"end":{"line":53,"column":21}},"12":{"start":{"line":62,"column":4},"end":{"line":64,"column":5}},"13":{"start":{"line":63,"column":6},"end":{"line":63,"column":59}},"14":{"start":{"line":66,"column":4},"end":{"line":66,"column":11}},"15":{"start":{"line":77,"column":4},"end":{"line":82,"column":7}},"16":{"start":{"line":84,"column":4},"end":{"line":87,"column":6}},"17":{"start":{"line":89,"column":4},"end":{"line":89,"column":11}},"18":{"start":{"line":96,"column":4},"end":{"line":96,"column":65}},"19":{"start":{"line":103,"column":28},"end":{"line":103,"column":50}},"20":{"start":{"line":104,"column":18},"end":{"line":104,"column":36}},"21":{"start":{"line":105,"column":21},"end":{"line":105,"column":42}},"22":{"start":{"line":107,"column":28},"end":{"line":107,"column":38}},"23":{"start":{"line":108,"column":35},"end":{"line":108,"column":46}},"24":{"start":{"line":110,"column":4},"end":{"line":126,"column":7}},"25":{"start":{"line":111,"column":29},"end":{"line":111,"column":39}},"26":{"start":{"line":112,"column":24},"end":{"line":112,"column":70}},"27":{"start":{"line":113,"column":31},"end":{"line":114,"column":43}},"28":{"start":{"line":116,"column":29},"end":{"line":116,"column":61}},"29":{"start":{"line":117,"column":29},"end":{"line":117,"column":74}},"30":{"start":{"line":118,"column":30},"end":{"line":118,"column":53}},"31":{"start":{"line":119,"column":25},"end":{"line":119,"column":46}},"32":{"start":{"line":121,"column":6},"end":{"line":125,"column":9}},"33":{"start":{"line":142,"column":8},"end":{"line":142,"column":18}},"34":{"start":{"line":146,"column":8},"end":{"line":146,"column":22}},"35":{"start":{"line":148,"column":4},"end":{"line":168,"column":7}},"36":{"start":{"line":149,"column":6},"end":{"line":151,"column":7}},"37":{"start":{"line":150,"column":8},"end":{"line":150,"column":15}},"38":{"start":{"line":153,"column":29},"end":{"line":153,"column":49}},"39":{"start":{"line":154,"column":28},"end":{"line":154,"column":62}},"40":{"start":{"line":155,"column":26},"end":{"line":155,"column":50}},"41":{"start":{"line":156,"column":22},"end":{"line":156,"column":45}},"42":{"start":{"line":158,"column":6},"end":{"line":162,"column":7}},"43":{"start":{"line":159,"column":8},"end":{"line":161,"column":10}},"44":{"start":{"line":164,"column":6},"end":{"line":165,"column":32}},"45":{"start":{"line":167,"column":6},"end":{"line":167,"column":58}},"46":{"start":{"line":179,"column":4},"end":{"line":179,"column":84}},"47":{"start":{"line":183,"column":0},"end":{"line":183,"column":31}}},"fnMap":{"0":{"name":"(anonymous_0)","decl":{"start":{"line":17,"column":2},"end":{"line":17,"column":3}},"loc":{"start":{"line":17,"column":23},"end":{"line":41,"column":3}},"line":17},"1":{"name":"(anonymous_1)","decl":{"start":{"line":46,"column":2},"end":{"line":46,"column":3}},"loc":{"start":{"line":46,"column":15},"end":{"line":54,"column":3}},"line":46},"2":{"name":"(anonymous_2)","decl":{"start":{"line":61,"column":2},"end":{"line":61,"column":3}},"loc":{"start":{"line":61,"column":41},"end":{"line":67,"column":3}},"line":61},"3":{"name":"(anonymous_3)","decl":{"start":{"line":76,"column":2},"end":{"line":76,"column":3}},"loc":{"start":{"line":76,"column":55},"end":{"line":90,"column":3}},"line":76},"4":{"name":"(anonymous_4)","decl":{"start":{"line":95,"column":2},"end":{"line":95,"column":3}},"loc":{"start":{"line":95,"column":20},"end":{"line":97,"column":3}},"line":95},"5":{"name":"(anonymous_5)","decl":{"start":{"line":102,"column":2},"end":{"line":102,"column":3}},"loc":{"start":{"line":102,"column":14},"end":{"line":127,"column":3}},"line":102},"6":{"name":"(anonymous_6)","decl":{"start":{"line":110,"column":31},"end":{"line":110,"column":32}},"loc":{"start":{"line":110,"column":40},"end":{"line":126,"column":5}},"line":110},"7":{"name":"(anonymous_7)","decl":{"start":{"line":137,"column":2},"end":{"line":137,"column":3}},"loc":{"start":{"line":137,"column":31},"end":{"line":169,"column":3}},"line":137},"8":{"name":"(anonymous_8)","decl":{"start":{"line":148,"column":40},"end":{"line":148,"column":41}},"loc":{"start":{"line":148,"column":50},"end":{"line":168,"column":5}},"line":148},"9":{"name":"(anonymous_9)","decl":{"start":{"line":178,"column":2},"end":{"line":178,"column":3}},"loc":{"start":{"line":178,"column":46},"end":{"line":180,"column":3}},"line":178}},"branchMap":{"0":{"loc":{"start":{"line":47,"column":4},"end":{"line":49,"column":5}},"type":"if","locations":[{"start":{"line":47,"column":4},"end":{"line":49,"column":5}},{"start":{"line":47,"column":4},"end":{"line":49,"column":5}}],"line":47},"1":{"loc":{"start":{"line":62,"column":4},"end":{"line":64,"column":5}},"type":"if","locations":[{"start":{"line":62,"column":4},"end":{"line":64,"column":5}},{"start":{"line":62,"column":4},"end":{"line":64,"column":5}}],"line":62},"2":{"loc":{"start":{"line":113,"column":31},"end":{"line":114,"column":43}},"type":"binary-expr","locations":[{"start":{"line":113,"column":31},"end":{"line":113,"column":61}},{"start":{"line":114,"column":8},"end":{"line":114,"column":43}}],"line":113},"3":{"loc":{"start":{"line":145,"column":6},"end":{"line":145,"column":25}},"type":"default-arg","locations":[{"start":{"line":145,"column":23},"end":{"line":145,"column":25}}],"line":145},"4":{"loc":{"start":{"line":149,"column":6},"end":{"line":151,"column":7}},"type":"if","locations":[{"start":{"line":149,"column":6},"end":{"line":151,"column":7}},{"start":{"line":149,"column":6},"end":{"line":151,"column":7}}],"line":149},"5":{"loc":{"start":{"line":154,"column":28},"end":{"line":154,"column":62}},"type":"binary-expr","locations":[{"start":{"line":154,"column":28},"end":{"line":154,"column":54}},{"start":{"line":154,"column":58},"end":{"line":154,"column":62}}],"line":154},"6":{"loc":{"start":{"line":158,"column":6},"end":{"line":162,"column":7}},"type":"if","locations":[{"start":{"line":158,"column":6},"end":{"line":162,"column":7}},{"start":{"line":158,"column":6},"end":{"line":162,"column":7}}],"line":158},"7":{"loc":{"start":{"line":164,"column":35},"end":{"line":164,"column":66}},"type":"binary-expr","locations":[{"start":{"line":164,"column":35},"end":{"line":164,"column":60}},{"start":{"line":164,"column":64},"end":{"line":164,"column":66}}],"line":164}},"s":{"0":1,"1":1,"2":1,"3":18,"4":18,"5":18,"6":18,"7":3,"8":1,"9":2,"10":2,"11":2,"12":2,"13":1,"14":1,"15":1,"16":1,"17":1,"18":1,"19":4,"20":4,"21":4,"22":4,"23":4,"24":4,"25":4,"26":4,"27":4,"28":4,"29":4,"30":4,"31":4,"32":4,"33":6,"34":6,"35":6,"36":9,"37":3,"38":6,"39":6,"40":6,"41":6,"42":6,"43":1,"44":5,"45":5,"46":4,"47":1},"f":{"0":18,"1":3,"2":2,"3":1,"4":1,"5":4,"6":4,"7":6,"8":9,"9":4},"b":{"0":[1,2],"1":[1,1],"2":[4,1],"3":[4],"4":[3,6],"5":[6,6],"6":[1,5],"7":[5,4]},"_coverageSchema":"332fd63041d2c1bcb487cc26dd0d5f7d97098a6c","hash":"592a1c905b2fdd80d67824e8738b060cb50f20d2"}
,"/home/jean_desravines/workspace/swagger-express-validator/test/mock/request.js": {"path":"/home/jean_desravines/workspace/swagger-express-validator/test/mock/request.js","statementMap":{"0":{"start":{"line":10,"column":4},"end":{"line":17,"column":6}},"1":{"start":{"line":19,"column":4},"end":{"line":23,"column":6}},"2":{"start":{"line":25,"column":4},"end":{"line":25,"column":20}},"3":{"start":{"line":29,"column":4},"end":{"line":33,"column":7}},"4":{"start":{"line":30,"column":6},"end":{"line":32,"column":18}},"5":{"start":{"line":37,"column":0},"end":{"line":37,"column":25}}},"fnMap":{"0":{"name":"(anonymous_0)","decl":{"start":{"line":9,"column":2},"end":{"line":9,"column":3}},"loc":{"start":{"line":9,"column":25},"end":{"line":34,"column":3}},"line":9},"1":{"name":"(anonymous_1)","decl":{"start":{"line":29,"column":30},"end":{"line":29,"column":31}},"loc":{"start":{"line":29,"column":39},"end":{"line":33,"column":5}},"line":29}},"branchMap":{"0":{"loc":{"start":{"line":9,"column":14},"end":{"line":9,"column":23}},"type":"default-arg","locations":[{"start":{"line":9,"column":21},"end":{"line":9,"column":23}}],"line":9},"1":{"loc":{"start":{"line":30,"column":18},"end":{"line":32,"column":17}},"type":"cond-expr","locations":[{"start":{"line":31,"column":8},"end":{"line":31,"column":43}},{"start":{"line":32,"column":8},"end":{"line":32,"column":17}}],"line":30}},"s":{"0":5,"1":5,"2":5,"3":5,"4":4,"5":1},"f":{"0":5,"1":4},"b":{"0":[3],"1":[0,4]},"_coverageSchema":"332fd63041d2c1bcb487cc26dd0d5f7d97098a6c","hash":"62ef87bfeb1c3f6d5b38602ff236a3d3324f0404"}
,"/home/jean_desravines/workspace/swagger-express-validator/test/mock/response.js": {"path":"/home/jean_desravines/workspace/swagger-express-validator/test/mock/response.js","statementMap":{"0":{"start":{"line":10,"column":4},"end":{"line":10,"column":42}},"1":{"start":{"line":11,"column":4},"end":{"line":11,"column":43}},"2":{"start":{"line":12,"column":4},"end":{"line":12,"column":45}},"3":{"start":{"line":13,"column":4},"end":{"line":13,"column":29}},"4":{"start":{"line":15,"column":4},"end":{"line":19,"column":7}},"5":{"start":{"line":16,"column":6},"end":{"line":18,"column":18}},"6":{"start":{"line":23,"column":0},"end":{"line":23,"column":26}}},"fnMap":{"0":{"name":"(anonymous_0)","decl":{"start":{"line":9,"column":2},"end":{"line":9,"column":3}},"loc":{"start":{"line":9,"column":25},"end":{"line":20,"column":3}},"line":9},"1":{"name":"(anonymous_1)","decl":{"start":{"line":15,"column":30},"end":{"line":15,"column":31}},"loc":{"start":{"line":15,"column":39},"end":{"line":19,"column":5}},"line":15}},"branchMap":{"0":{"loc":{"start":{"line":9,"column":14},"end":{"line":9,"column":23}},"type":"default-arg","locations":[{"start":{"line":9,"column":21},"end":{"line":9,"column":23}}],"line":9},"1":{"loc":{"start":{"line":16,"column":18},"end":{"line":18,"column":17}},"type":"cond-expr","locations":[{"start":{"line":17,"column":8},"end":{"line":17,"column":43}},{"start":{"line":18,"column":8},"end":{"line":18,"column":17}}],"line":16}},"s":{"0":5,"1":5,"2":5,"3":5,"4":5,"5":0,"6":1},"f":{"0":5,"1":0},"b":{"0":[5],"1":[0,0]},"_coverageSchema":"332fd63041d2c1bcb487cc26dd0d5f7d97098a6c","hash":"377dba3875c1557f30ba4c0630b1631f20d0575f"}
,"/home/jean_desravines/workspace/swagger-express-validator/test/mock/controller/hello-controller.js": {"path":"/home/jean_desravines/workspace/swagger-express-validator/test/mock/controller/hello-controller.js","statementMap":{"0":{"start":{"line":3,"column":4},"end":{"line":3,"column":11}},"1":{"start":{"line":7,"column":4},"end":{"line":7,"column":11}},"2":{"start":{"line":11,"column":0},"end":{"line":11,"column":33}}},"fnMap":{"0":{"name":"(anonymous_0)","decl":{"start":{"line":2,"column":2},"end":{"line":2,"column":3}},"loc":{"start":{"line":2,"column":28},"end":{"line":4,"column":3}},"line":2},"1":{"name":"(anonymous_1)","decl":{"start":{"line":6,"column":2},"end":{"line":6,"column":3}},"loc":{"start":{"line":6,"column":29},"end":{"line":8,"column":3}},"line":6}},"branchMap":{},"s":{"0":0,"1":0,"2":3},"f":{"0":0,"1":0},"b":{},"_coverageSchema":"332fd63041d2c1bcb487cc26dd0d5f7d97098a6c","hash":"7ac6bd47846e1c8222b191faa6b3fe2f636cd4a2"}
,"/home/jean_desravines/workspace/swagger-express-validator/test/mock/controller/hola-controller.js": {"path":"/home/jean_desravines/workspace/swagger-express-validator/test/mock/controller/hola-controller.js","statementMap":{"0":{"start":{"line":3,"column":4},"end":{"line":3,"column":11}},"1":{"start":{"line":7,"column":4},"end":{"line":7,"column":11}},"2":{"start":{"line":11,"column":4},"end":{"line":11,"column":11}},"3":{"start":{"line":15,"column":0},"end":{"line":15,"column":32}}},"fnMap":{"0":{"name":"(anonymous_0)","decl":{"start":{"line":2,"column":2},"end":{"line":2,"column":3}},"loc":{"start":{"line":2,"column":31},"end":{"line":4,"column":3}},"line":2},"1":{"name":"(anonymous_1)","decl":{"start":{"line":6,"column":2},"end":{"line":6,"column":3}},"loc":{"start":{"line":6,"column":28},"end":{"line":8,"column":3}},"line":6},"2":{"name":"(anonymous_2)","decl":{"start":{"line":10,"column":2},"end":{"line":10,"column":3}},"loc":{"start":{"line":10,"column":30},"end":{"line":12,"column":3}},"line":10}},"branchMap":{},"s":{"0":0,"1":0,"2":0,"3":3},"f":{"0":0,"1":0,"2":0},"b":{},"_coverageSchema":"332fd63041d2c1bcb487cc26dd0d5f7d97098a6c","hash":"9cc759af0fc9c9ab63595d0d7dc22d5960c5863b"}
}
