{"/home/jean_desravines/workspace/swagger-express-validator/lib/configuration/configuration.js": {"path":"/home/jean_desravines/workspace/swagger-express-validator/lib/configuration/configuration.js","statementMap":{"0":{"start":{"line":1,"column":0},"end":{"line":3,"column":2}}},"fnMap":{},"branchMap":{},"s":{"0":3},"f":{},"b":{},"_coverageSchema":"332fd63041d2c1bcb487cc26dd0d5f7d97098a6c","hash":"d69c06a867fab6ac51d8252d95c8e4a1577e9bb5"}
,"/home/jean_desravines/workspace/swagger-express-validator/lib/error/common/http-error.js": {"path":"/home/jean_desravines/workspace/swagger-express-validator/lib/error/common/http-error.js","statementMap":{"0":{"start":{"line":17,"column":4},"end":{"line":17,"column":19}},"1":{"start":{"line":19,"column":4},"end":{"line":19,"column":32}},"2":{"start":{"line":20,"column":4},"end":{"line":20,"column":38}},"3":{"start":{"line":21,"column":4},"end":{"line":21,"column":30}},"4":{"start":{"line":25,"column":0},"end":{"line":25,"column":27}}},"fnMap":{"0":{"name":"(anonymous_0)","decl":{"start":{"line":16,"column":2},"end":{"line":16,"column":3}},"loc":{"start":{"line":16,"column":29},"end":{"line":22,"column":3}},"line":16}},"branchMap":{},"s":{"0":6,"1":6,"2":6,"3":6,"4":2},"f":{"0":6},"b":{},"_coverageSchema":"332fd63041d2c1bcb487cc26dd0d5f7d97098a6c","hash":"1f049d1c75aff7aa3505a3c9c3eeee0f0f063463"}
,"/home/jean_desravines/workspace/swagger-express-validator/lib/error/common/internal-error.js": {"path":"/home/jean_desravines/workspace/swagger-express-validator/lib/error/common/internal-error.js","statementMap":{"0":{"start":{"line":1,"column":18},"end":{"line":1,"column":41}},"1":{"start":{"line":14,"column":4},"end":{"line":17,"column":7}},"2":{"start":{"line":21,"column":0},"end":{"line":21,"column":31}}},"fnMap":{"0":{"name":"(anonymous_0)","decl":{"start":{"line":13,"column":2},"end":{"line":13,"column":3}},"loc":{"start":{"line":13,"column":23},"end":{"line":18,"column":3}},"line":13}},"branchMap":{},"s":{"0":1,"1":2,"2":1},"f":{"0":2},"b":{},"_coverageSchema":"332fd63041d2c1bcb487cc26dd0d5f7d97098a6c","hash":"81a66622fcce25c7c4f403a258e5f705e4958175"}
,"/home/jean_desravines/workspace/swagger-express-validator/lib/error/common/not-found-error.js": {"path":"/home/jean_desravines/workspace/swagger-express-validator/lib/error/common/not-found-error.js","statementMap":{"0":{"start":{"line":1,"column":18},"end":{"line":1,"column":41}},"1":{"start":{"line":15,"column":4},"end":{"line":18,"column":7}},"2":{"start":{"line":22,"column":0},"end":{"line":22,"column":31}}},"fnMap":{"0":{"name":"(anonymous_0)","decl":{"start":{"line":14,"column":2},"end":{"line":14,"column":3}},"loc":{"start":{"line":14,"column":23},"end":{"line":19,"column":3}},"line":14}},"branchMap":{},"s":{"0":1,"1":2,"2":1},"f":{"0":2},"b":{},"_coverageSchema":"332fd63041d2c1bcb487cc26dd0d5f7d97098a6c","hash":"aa46162636b09b527a4fdeb35253c8f081c775de"}
,"/home/jean_desravines/workspace/swagger-express-validator/lib/error/common/unknown-error.js": {"path":"/home/jean_desravines/workspace/swagger-express-validator/lib/error/common/unknown-error.js","statementMap":{"0":{"start":{"line":3,"column":18},"end":{"line":3,"column":41}},"1":{"start":{"line":16,"column":4},"end":{"line":19,"column":7}},"2":{"start":{"line":23,"column":0},"end":{"line":23,"column":30}}},"fnMap":{"0":{"name":"(anonymous_0)","decl":{"start":{"line":15,"column":2},"end":{"line":15,"column":3}},"loc":{"start":{"line":15,"column":23},"end":{"line":20,"column":3}},"line":15}},"branchMap":{},"s":{"0":1,"1":2,"2":1},"f":{"0":2},"b":{},"_coverageSchema":"332fd63041d2c1bcb487cc26dd0d5f7d97098a6c","hash":"e1d162abcb2f4d9ae3b44df10a2354735bf0ffa5"}
,"/home/jean_desravines/workspace/swagger-express-validator/lib/error/validator/response-body-error.js": {"path":"/home/jean_desravines/workspace/swagger-express-validator/lib/error/validator/response-body-error.js","statementMap":{"0":{"start":{"line":3,"column":22},"end":{"line":3,"column":57}},"1":{"start":{"line":17,"column":4},"end":{"line":19,"column":8}},"2":{"start":{"line":23,"column":0},"end":{"line":23,"column":35}}},"fnMap":{"0":{"name":"(anonymous_0)","decl":{"start":{"line":16,"column":2},"end":{"line":16,"column":3}},"loc":{"start":{"line":16,"column":29},"end":{"line":20,"column":3}},"line":16}},"branchMap":{},"s":{"0":1,"1":2,"2":1},"f":{"0":2},"b":{},"_coverageSchema":"332fd63041d2c1bcb487cc26dd0d5f7d97098a6c","hash":"596324606c18db5077136ba58808625cc43c19a2"}
,"/home/jean_desravines/workspace/swagger-express-validator/lib/error/validator/response-status-error.js": {"path":"/home/jean_desravines/workspace/swagger-express-validator/lib/error/validator/response-status-error.js","statementMap":{"0":{"start":{"line":3,"column":21},"end":{"line":3,"column":55}},"1":{"start":{"line":16,"column":4},"end":{"line":18,"column":7}},"2":{"start":{"line":22,"column":0},"end":{"line":22,"column":37}}},"fnMap":{"0":{"name":"(anonymous_0)","decl":{"start":{"line":15,"column":2},"end":{"line":15,"column":3}},"loc":{"start":{"line":15,"column":20},"end":{"line":19,"column":3}},"line":15}},"branchMap":{},"s":{"0":1,"1":2,"2":1},"f":{"0":2},"b":{},"_coverageSchema":"332fd63041d2c1bcb487cc26dd0d5f7d97098a6c","hash":"9e9d870c1865b0ec236befb15283d977b8b15153"}
,"/home/jean_desravines/workspace/swagger-express-validator/lib/middleware/error-handler.js": {"path":"/home/jean_desravines/workspace/swagger-express-validator/lib/middleware/error-handler.js","statementMap":{"0":{"start":{"line":1,"column":22},"end":{"line":1,"column":63}},"1":{"start":{"line":2,"column":19},"end":{"line":2,"column":42}},"2":{"start":{"line":18,"column":4},"end":{"line":18,"column":43}},"3":{"start":{"line":29,"column":4},"end":{"line":35,"column":7}},"4":{"start":{"line":37,"column":4},"end":{"line":39,"column":5}},"5":{"start":{"line":38,"column":6},"end":{"line":38,"column":16}},"6":{"start":{"line":41,"column":24},"end":{"line":41,"column":49}},"7":{"start":{"line":42,"column":19},"end":{"line":42,"column":36}},"8":{"start":{"line":43,"column":21},"end":{"line":45,"column":5}},"9":{"start":{"line":47,"column":4},"end":{"line":51,"column":5}},"10":{"start":{"line":48,"column":6},"end":{"line":50,"column":50}},"11":{"start":{"line":50,"column":22},"end":{"line":50,"column":48}},"12":{"start":{"line":53,"column":4},"end":{"line":56,"column":5}},"13":{"start":{"line":54,"column":6},"end":{"line":54,"column":37}},"14":{"start":{"line":55,"column":6},"end":{"line":55,"column":31}},"15":{"start":{"line":58,"column":4},"end":{"line":59,"column":22}},"16":{"start":{"line":63,"column":0},"end":{"line":63,"column":30}}},"fnMap":{"0":{"name":"(anonymous_0)","decl":{"start":{"line":17,"column":2},"end":{"line":17,"column":3}},"loc":{"start":{"line":17,"column":41},"end":{"line":19,"column":3}},"line":17},"1":{"name":"(anonymous_1)","decl":{"start":{"line":28,"column":2},"end":{"line":28,"column":3}},"loc":{"start":{"line":28,"column":32},"end":{"line":60,"column":3}},"line":28},"2":{"name":"(anonymous_2)","decl":{"start":{"line":50,"column":13},"end":{"line":50,"column":14}},"loc":{"start":{"line":50,"column":22},"end":{"line":50,"column":48}},"line":50}},"branchMap":{"0":{"loc":{"start":{"line":37,"column":4},"end":{"line":39,"column":5}},"type":"if","locations":[{"start":{"line":37,"column":4},"end":{"line":39,"column":5}},{"start":{"line":37,"column":4},"end":{"line":39,"column":5}}],"line":37},"1":{"loc":{"start":{"line":42,"column":19},"end":{"line":42,"column":36}},"type":"binary-expr","locations":[{"start":{"line":42,"column":19},"end":{"line":42,"column":29}},{"start":{"line":42,"column":33},"end":{"line":42,"column":36}}],"line":42},"2":{"loc":{"start":{"line":47,"column":4},"end":{"line":51,"column":5}},"type":"if","locations":[{"start":{"line":47,"column":4},"end":{"line":51,"column":5}},{"start":{"line":47,"column":4},"end":{"line":51,"column":5}}],"line":47},"3":{"loc":{"start":{"line":47,"column":8},"end":{"line":47,"column":32}},"type":"binary-expr","locations":[{"start":{"line":47,"column":8},"end":{"line":47,"column":19}},{"start":{"line":47,"column":23},"end":{"line":47,"column":32}}],"line":47},"4":{"loc":{"start":{"line":53,"column":4},"end":{"line":56,"column":5}},"type":"if","locations":[{"start":{"line":53,"column":4},"end":{"line":56,"column":5}},{"start":{"line":53,"column":4},"end":{"line":56,"column":5}}],"line":53},"5":{"loc":{"start":{"line":53,"column":8},"end":{"line":53,"column":35}},"type":"binary-expr","locations":[{"start":{"line":53,"column":8},"end":{"line":53,"column":19}},{"start":{"line":53,"column":23},"end":{"line":53,"column":35}}],"line":53}},"s":{"0":1,"1":1,"2":1,"3":5,"4":5,"5":1,"6":4,"7":4,"8":4,"9":4,"10":2,"11":7,"12":4,"13":3,"14":3,"15":4,"16":1},"f":{"0":1,"1":5,"2":7},"b":{"0":[1,4],"1":[4,1],"2":[2,2],"3":[4,2],"4":[3,1],"5":[4,2]},"_coverageSchema":"332fd63041d2c1bcb487cc26dd0d5f7d97098a6c","hash":"685451c3c8dc0315734f93e8d5a0cfc71ac30a75"}
,"/home/jean_desravines/workspace/swagger-express-validator/lib/middleware/middleware.js": {"path":"/home/jean_desravines/workspace/swagger-express-validator/lib/middleware/middleware.js","statementMap":{"0":{"start":{"line":14,"column":4},"end":{"line":17,"column":37}},"1":{"start":{"line":15,"column":18},"end":{"line":15,"column":40}},"2":{"start":{"line":16,"column":18},"end":{"line":16,"column":24}},"3":{"start":{"line":17,"column":24},"end":{"line":17,"column":35}},"4":{"start":{"line":29,"column":4},"end":{"line":32,"column":37}},"5":{"start":{"line":30,"column":18},"end":{"line":30,"column":45}},"6":{"start":{"line":31,"column":18},"end":{"line":31,"column":24}},"7":{"start":{"line":32,"column":24},"end":{"line":32,"column":35}},"8":{"start":{"line":39,"column":4},"end":{"line":39,"column":36}},"9":{"start":{"line":43,"column":0},"end":{"line":43,"column":28}}},"fnMap":{"0":{"name":"(anonymous_0)","decl":{"start":{"line":13,"column":2},"end":{"line":13,"column":3}},"loc":{"start":{"line":13,"column":36},"end":{"line":18,"column":3}},"line":13},"1":{"name":"(anonymous_1)","decl":{"start":{"line":15,"column":12},"end":{"line":15,"column":13}},"loc":{"start":{"line":15,"column":18},"end":{"line":15,"column":40}},"line":15},"2":{"name":"(anonymous_2)","decl":{"start":{"line":16,"column":12},"end":{"line":16,"column":13}},"loc":{"start":{"line":16,"column":18},"end":{"line":16,"column":24}},"line":16},"3":{"name":"(anonymous_3)","decl":{"start":{"line":17,"column":13},"end":{"line":17,"column":14}},"loc":{"start":{"line":17,"column":24},"end":{"line":17,"column":35}},"line":17},"4":{"name":"(anonymous_4)","decl":{"start":{"line":28,"column":2},"end":{"line":28,"column":3}},"loc":{"start":{"line":28,"column":36},"end":{"line":33,"column":3}},"line":28},"5":{"name":"(anonymous_5)","decl":{"start":{"line":30,"column":12},"end":{"line":30,"column":13}},"loc":{"start":{"line":30,"column":18},"end":{"line":30,"column":45}},"line":30},"6":{"name":"(anonymous_6)","decl":{"start":{"line":31,"column":12},"end":{"line":31,"column":13}},"loc":{"start":{"line":31,"column":18},"end":{"line":31,"column":24}},"line":31},"7":{"name":"(anonymous_7)","decl":{"start":{"line":32,"column":13},"end":{"line":32,"column":14}},"loc":{"start":{"line":32,"column":24},"end":{"line":32,"column":35}},"line":32},"8":{"name":"(anonymous_8)","decl":{"start":{"line":38,"column":2},"end":{"line":38,"column":3}},"loc":{"start":{"line":38,"column":19},"end":{"line":40,"column":3}},"line":38}},"branchMap":{},"s":{"0":2,"1":2,"2":1,"3":1,"4":3,"5":3,"6":2,"7":1,"8":1,"9":6},"f":{"0":2,"1":2,"2":1,"3":1,"4":3,"5":3,"6":2,"7":1,"8":1},"b":{},"_coverageSchema":"332fd63041d2c1bcb487cc26dd0d5f7d97098a6c","hash":"572cb18132797607835d867fa1c38025e6790bc7"}
,"/home/jean_desravines/workspace/swagger-express-validator/lib/middleware/request-handler.js": {"path":"/home/jean_desravines/workspace/swagger-express-validator/lib/middleware/request-handler.js","statementMap":{"0":{"start":{"line":1,"column":19},"end":{"line":1,"column":42}},"1":{"start":{"line":14,"column":4},"end":{"line":18,"column":7}},"2":{"start":{"line":20,"column":22},"end":{"line":20,"column":43}},"3":{"start":{"line":21,"column":22},"end":{"line":21,"column":41}},"4":{"start":{"line":22,"column":19},"end":{"line":22,"column":44}},"5":{"start":{"line":23,"column":19},"end":{"line":23,"column":43}},"6":{"start":{"line":24,"column":24},"end":{"line":24,"column":40}},"7":{"start":{"line":26,"column":4},"end":{"line":26,"column":30}},"8":{"start":{"line":30,"column":4},"end":{"line":43,"column":5}},"9":{"start":{"line":31,"column":29},"end":{"line":34,"column":7}},"10":{"start":{"line":36,"column":6},"end":{"line":42,"column":7}},"11":{"start":{"line":37,"column":8},"end":{"line":41,"column":11}},"12":{"start":{"line":38,"column":10},"end":{"line":40,"column":11}},"13":{"start":{"line":39,"column":12},"end":{"line":39,"column":36}},"14":{"start":{"line":47,"column":0},"end":{"line":47,"column":32}}},"fnMap":{"0":{"name":"(anonymous_0)","decl":{"start":{"line":13,"column":2},"end":{"line":13,"column":3}},"loc":{"start":{"line":13,"column":22},"end":{"line":44,"column":3}},"line":13},"1":{"name":"(anonymous_1)","decl":{"start":{"line":37,"column":31},"end":{"line":37,"column":32}},"loc":{"start":{"line":37,"column":42},"end":{"line":41,"column":9}},"line":37}},"branchMap":{"0":{"loc":{"start":{"line":30,"column":4},"end":{"line":43,"column":5}},"type":"if","locations":[{"start":{"line":30,"column":4},"end":{"line":43,"column":5}},{"start":{"line":30,"column":4},"end":{"line":43,"column":5}}],"line":30},"1":{"loc":{"start":{"line":30,"column":8},"end":{"line":30,"column":51}},"type":"binary-expr","locations":[{"start":{"line":30,"column":8},"end":{"line":30,"column":14}},{"start":{"line":30,"column":18},"end":{"line":30,"column":29}},{"start":{"line":30,"column":33},"end":{"line":30,"column":51}}],"line":30},"2":{"loc":{"start":{"line":32,"column":8},"end":{"line":32,"column":51}},"type":"binary-expr","locations":[{"start":{"line":32,"column":8},"end":{"line":32,"column":20}},{"start":{"line":32,"column":24},"end":{"line":32,"column":45}},{"start":{"line":32,"column":49},"end":{"line":32,"column":51}}],"line":32},"3":{"loc":{"start":{"line":33,"column":8},"end":{"line":33,"column":29}},"type":"binary-expr","locations":[{"start":{"line":33,"column":8},"end":{"line":33,"column":23}},{"start":{"line":33,"column":27},"end":{"line":33,"column":29}}],"line":33},"4":{"loc":{"start":{"line":36,"column":6},"end":{"line":42,"column":7}},"type":"if","locations":[{"start":{"line":36,"column":6},"end":{"line":42,"column":7}},{"start":{"line":36,"column":6},"end":{"line":42,"column":7}}],"line":36},"5":{"loc":{"start":{"line":38,"column":10},"end":{"line":40,"column":11}},"type":"if","locations":[{"start":{"line":38,"column":10},"end":{"line":40,"column":11}},{"start":{"line":38,"column":10},"end":{"line":40,"column":11}}],"line":38}},"s":{"0":1,"1":8,"2":8,"3":8,"4":8,"5":8,"6":8,"7":8,"8":8,"9":5,"10":5,"11":4,"12":5,"13":4,"14":1},"f":{"0":8,"1":5},"b":{"0":[5,3],"1":[8,6,6],"2":[5,3,2],"3":[5,3],"4":[4,1],"5":[4,1]},"_coverageSchema":"332fd63041d2c1bcb487cc26dd0d5f7d97098a6c","hash":"9d9e2691603e6da83d97822c2895e42915f5264a"}
,"/home/jean_desravines/workspace/swagger-express-validator/lib/middleware/request-performer.js": {"path":"/home/jean_desravines/workspace/swagger-express-validator/lib/middleware/request-performer.js","statementMap":{"0":{"start":{"line":1,"column":19},"end":{"line":1,"column":42}},"1":{"start":{"line":17,"column":4},"end":{"line":17,"column":62}},"2":{"start":{"line":20,"column":4},"end":{"line":39,"column":9}},"3":{"start":{"line":21,"column":18},"end":{"line":21,"column":49}},"4":{"start":{"line":23,"column":8},"end":{"line":32,"column":9}},"5":{"start":{"line":24,"column":23},"end":{"line":24,"column":44}},"6":{"start":{"line":25,"column":27},"end":{"line":25,"column":45}},"7":{"start":{"line":26,"column":29},"end":{"line":27,"column":59}},"8":{"start":{"line":27,"column":32},"end":{"line":27,"column":58}},"9":{"start":{"line":29,"column":10},"end":{"line":31,"column":11}},"10":{"start":{"line":30,"column":12},"end":{"line":30,"column":36}},"11":{"start":{"line":34,"column":8},"end":{"line":38,"column":9}},"12":{"start":{"line":35,"column":10},"end":{"line":37,"column":12}},"13":{"start":{"line":43,"column":0},"end":{"line":43,"column":34}}},"fnMap":{"0":{"name":"(anonymous_0)","decl":{"start":{"line":16,"column":2},"end":{"line":16,"column":3}},"loc":{"start":{"line":16,"column":27},"end":{"line":40,"column":3}},"line":16},"1":{"name":"(anonymous_1)","decl":{"start":{"line":21,"column":12},"end":{"line":21,"column":13}},"loc":{"start":{"line":21,"column":18},"end":{"line":21,"column":49}},"line":21},"2":{"name":"(anonymous_2)","decl":{"start":{"line":22,"column":12},"end":{"line":22,"column":13}},"loc":{"start":{"line":22,"column":26},"end":{"line":39,"column":7}},"line":22},"3":{"name":"(anonymous_3)","decl":{"start":{"line":27,"column":23},"end":{"line":27,"column":24}},"loc":{"start":{"line":27,"column":32},"end":{"line":27,"column":58}},"line":27}},"branchMap":{"0":{"loc":{"start":{"line":23,"column":8},"end":{"line":32,"column":9}},"type":"if","locations":[{"start":{"line":23,"column":8},"end":{"line":32,"column":9}},{"start":{"line":23,"column":8},"end":{"line":32,"column":9}}],"line":23},"1":{"loc":{"start":{"line":23,"column":12},"end":{"line":23,"column":80}},"type":"binary-expr","locations":[{"start":{"line":23,"column":12},"end":{"line":23,"column":20}},{"start":{"line":23,"column":24},"end":{"line":23,"column":52}},{"start":{"line":23,"column":56},"end":{"line":23,"column":80}}],"line":23},"2":{"loc":{"start":{"line":26,"column":29},"end":{"line":27,"column":59}},"type":"binary-expr","locations":[{"start":{"line":26,"column":29},"end":{"line":26,"column":60}},{"start":{"line":27,"column":12},"end":{"line":27,"column":59}}],"line":26},"3":{"loc":{"start":{"line":29,"column":10},"end":{"line":31,"column":11}},"type":"if","locations":[{"start":{"line":29,"column":10},"end":{"line":31,"column":11}},{"start":{"line":29,"column":10},"end":{"line":31,"column":11}}],"line":29},"4":{"loc":{"start":{"line":34,"column":8},"end":{"line":38,"column":9}},"type":"if","locations":[{"start":{"line":34,"column":8},"end":{"line":38,"column":9}},{"start":{"line":34,"column":8},"end":{"line":38,"column":9}}],"line":34}},"s":{"0":1,"1":3,"2":3,"3":3,"4":3,"5":2,"6":2,"7":2,"8":2,"9":2,"10":1,"11":3,"12":2,"13":1},"f":{"0":3,"1":3,"2":3,"3":2},"b":{"0":[2,1],"1":[3,3,2],"2":[2,1],"3":[1,1],"4":[2,1]},"_coverageSchema":"332fd63041d2c1bcb487cc26dd0d5f7d97098a6c","hash":"43a7e21d96940a9207b3d244c738a4f2c0b107f4"}
,"/home/jean_desravines/workspace/swagger-express-validator/lib/middleware/response-sender.js": {"path":"/home/jean_desravines/workspace/swagger-express-validator/lib/middleware/response-sender.js","statementMap":{"0":{"start":{"line":1,"column":19},"end":{"line":1,"column":42}},"1":{"start":{"line":16,"column":4},"end":{"line":16,"column":60}},"2":{"start":{"line":22,"column":8},"end":{"line":22,"column":20}},"3":{"start":{"line":24,"column":4},"end":{"line":26,"column":18}},"4":{"start":{"line":30,"column":0},"end":{"line":30,"column":32}}},"fnMap":{"0":{"name":"(anonymous_0)","decl":{"start":{"line":15,"column":2},"end":{"line":15,"column":3}},"loc":{"start":{"line":15,"column":27},"end":{"line":27,"column":3}},"line":15}},"branchMap":{"0":{"loc":{"start":{"line":19,"column":6},"end":{"line":19,"column":18}},"type":"default-arg","locations":[{"start":{"line":19,"column":15},"end":{"line":19,"column":18}}],"line":19}},"s":{"0":1,"1":2,"2":2,"3":2,"4":1},"f":{"0":2},"b":{"0":[1]},"_coverageSchema":"332fd63041d2c1bcb487cc26dd0d5f7d97098a6c","hash":"f836d0d0679928419644ec91fa4aed41174843f2"}
,"/home/jean_desravines/workspace/swagger-express-validator/lib/middleware/response-validator.js": {"path":"/home/jean_desravines/workspace/swagger-express-validator/lib/middleware/response-validator.js","statementMap":{"0":{"start":{"line":3,"column":12},"end":{"line":3,"column":26}},"1":{"start":{"line":4,"column":19},"end":{"line":4,"column":42}},"2":{"start":{"line":5,"column":28},"end":{"line":5,"column":79}},"3":{"start":{"line":6,"column":26},"end":{"line":6,"column":75}},"4":{"start":{"line":8,"column":19},"end":{"line":8,"column":28}},"5":{"start":{"line":9,"column":12},"end":{"line":11,"column":2}},"6":{"start":{"line":23,"column":4},"end":{"line":23,"column":22}},"7":{"start":{"line":31,"column":21},"end":{"line":31,"column":33}},"8":{"start":{"line":32,"column":17},"end":{"line":32,"column":30}},"9":{"start":{"line":34,"column":4},"end":{"line":44,"column":7}},"10":{"start":{"line":46,"column":20},"end":{"line":46,"column":31}},"11":{"start":{"line":47,"column":17},"end":{"line":47,"column":52}},"12":{"start":{"line":48,"column":22},"end":{"line":48,"column":39}},"13":{"start":{"line":49,"column":22},"end":{"line":49,"column":41}},"14":{"start":{"line":51,"column":19},"end":{"line":51,"column":54}},"15":{"start":{"line":52,"column":27},"end":{"line":52,"column":44}},"16":{"start":{"line":54,"column":4},"end":{"line":56,"column":5}},"17":{"start":{"line":55,"column":6},"end":{"line":55,"column":44}},"18":{"start":{"line":58,"column":4},"end":{"line":69,"column":5}},"19":{"start":{"line":59,"column":21},"end":{"line":59,"column":41}},"20":{"start":{"line":61,"column":6},"end":{"line":64,"column":7}},"21":{"start":{"line":62,"column":8},"end":{"line":62,"column":54}},"22":{"start":{"line":63,"column":8},"end":{"line":63,"column":39}},"23":{"start":{"line":66,"column":6},"end":{"line":68,"column":7}},"24":{"start":{"line":67,"column":8},"end":{"line":67,"column":62}},"25":{"start":{"line":71,"column":4},"end":{"line":73,"column":5}},"26":{"start":{"line":72,"column":6},"end":{"line":72,"column":31}},"27":{"start":{"line":77,"column":0},"end":{"line":77,"column":35}}},"fnMap":{"0":{"name":"(anonymous_0)","decl":{"start":{"line":22,"column":2},"end":{"line":22,"column":3}},"loc":{"start":{"line":22,"column":26},"end":{"line":24,"column":3}},"line":22},"1":{"name":"(anonymous_1)","decl":{"start":{"line":30,"column":2},"end":{"line":30,"column":3}},"loc":{"start":{"line":30,"column":22},"end":{"line":74,"column":3}},"line":30}},"branchMap":{"0":{"loc":{"start":{"line":38,"column":14},"end":{"line":42,"column":9}},"type":"binary-expr","locations":[{"start":{"line":38,"column":14},"end":{"line":38,"column":18}},{"start":{"line":38,"column":22},"end":{"line":42,"column":9}}],"line":38},"1":{"loc":{"start":{"line":51,"column":19},"end":{"line":51,"column":54}},"type":"binary-expr","locations":[{"start":{"line":51,"column":19},"end":{"line":51,"column":34}},{"start":{"line":51,"column":38},"end":{"line":51,"column":54}}],"line":51},"2":{"loc":{"start":{"line":54,"column":4},"end":{"line":56,"column":5}},"type":"if","locations":[{"start":{"line":54,"column":4},"end":{"line":56,"column":5}},{"start":{"line":54,"column":4},"end":{"line":56,"column":5}}],"line":54},"3":{"loc":{"start":{"line":58,"column":4},"end":{"line":69,"column":5}},"type":"if","locations":[{"start":{"line":58,"column":4},"end":{"line":69,"column":5}},{"start":{"line":58,"column":4},"end":{"line":69,"column":5}}],"line":58},"4":{"loc":{"start":{"line":61,"column":6},"end":{"line":64,"column":7}},"type":"if","locations":[{"start":{"line":61,"column":6},"end":{"line":64,"column":7}},{"start":{"line":61,"column":6},"end":{"line":64,"column":7}}],"line":61},"5":{"loc":{"start":{"line":66,"column":6},"end":{"line":68,"column":7}},"type":"if","locations":[{"start":{"line":66,"column":6},"end":{"line":68,"column":7}},{"start":{"line":66,"column":6},"end":{"line":68,"column":7}}],"line":66},"6":{"loc":{"start":{"line":71,"column":4},"end":{"line":73,"column":5}},"type":"if","locations":[{"start":{"line":71,"column":4},"end":{"line":73,"column":5}},{"start":{"line":71,"column":4},"end":{"line":73,"column":5}}],"line":71}},"s":{"0":1,"1":1,"2":1,"3":1,"4":1,"5":1,"6":6,"7":6,"8":6,"9":6,"10":6,"11":6,"12":6,"13":6,"14":6,"15":6,"16":6,"17":1,"18":5,"19":4,"20":4,"21":3,"22":3,"23":4,"24":1,"25":4,"26":3,"27":1},"f":{"0":6,"1":6},"b":{"0":[6,5],"1":[6,4],"2":[1,5],"3":[4,1],"4":[3,1],"5":[1,3],"6":[3,1]},"_coverageSchema":"332fd63041d2c1bcb487cc26dd0d5f7d97098a6c","hash":"3eaf21f22dca566c426b6a8e0807bb9b85610138"}
,"/home/jean_desravines/workspace/swagger-express-validator/lib/middleware/router.js": {"path":"/home/jean_desravines/workspace/swagger-express-validator/lib/middleware/router.js","statementMap":{"0":{"start":{"line":3,"column":13},"end":{"line":3,"column":28}},"1":{"start":{"line":4,"column":16},"end":{"line":4,"column":34}},"2":{"start":{"line":5,"column":22},"end":{"line":5,"column":64}},"3":{"start":{"line":22,"column":4},"end":{"line":22,"column":35}},"4":{"start":{"line":28,"column":4},"end":{"line":28,"column":31}},"5":{"start":{"line":34,"column":4},"end":{"line":34,"column":29}},"6":{"start":{"line":40,"column":4},"end":{"line":40,"column":39}},"7":{"start":{"line":47,"column":4},"end":{"line":49,"column":5}},"8":{"start":{"line":48,"column":6},"end":{"line":48,"column":13}},"9":{"start":{"line":51,"column":4},"end":{"line":51,"column":28}},"10":{"start":{"line":52,"column":4},"end":{"line":52,"column":27}},"11":{"start":{"line":53,"column":4},"end":{"line":53,"column":21}},"12":{"start":{"line":62,"column":4},"end":{"line":64,"column":5}},"13":{"start":{"line":63,"column":6},"end":{"line":63,"column":59}},"14":{"start":{"line":66,"column":4},"end":{"line":66,"column":11}},"15":{"start":{"line":77,"column":4},"end":{"line":82,"column":7}},"16":{"start":{"line":84,"column":4},"end":{"line":87,"column":6}},"17":{"start":{"line":89,"column":4},"end":{"line":89,"column":11}},"18":{"start":{"line":96,"column":4},"end":{"line":96,"column":65}},"19":{"start":{"line":103,"column":28},"end":{"line":103,"column":50}},"20":{"start":{"line":104,"column":18},"end":{"line":104,"column":36}},"21":{"start":{"line":105,"column":21},"end":{"line":105,"column":42}},"22":{"start":{"line":107,"column":28},"end":{"line":107,"column":38}},"23":{"start":{"line":108,"column":35},"end":{"line":108,"column":46}},"24":{"start":{"line":110,"column":4},"end":{"line":126,"column":7}},"25":{"start":{"line":111,"column":29},"end":{"line":111,"column":39}},"26":{"start":{"line":112,"column":24},"end":{"line":112,"column":70}},"27":{"start":{"line":113,"column":31},"end":{"line":114,"column":43}},"28":{"start":{"line":116,"column":29},"end":{"line":116,"column":61}},"29":{"start":{"line":117,"column":29},"end":{"line":117,"column":74}},"30":{"start":{"line":118,"column":30},"end":{"line":118,"column":53}},"31":{"start":{"line":119,"column":25},"end":{"line":119,"column":46}},"32":{"start":{"line":121,"column":6},"end":{"line":125,"column":9}},"33":{"start":{"line":142,"column":8},"end":{"line":142,"column":18}},"34":{"start":{"line":146,"column":8},"end":{"line":146,"column":22}},"35":{"start":{"line":148,"column":4},"end":{"line":168,"column":7}},"36":{"start":{"line":149,"column":6},"end":{"line":151,"column":7}},"37":{"start":{"line":150,"column":8},"end":{"line":150,"column":15}},"38":{"start":{"line":153,"column":29},"end":{"line":153,"column":49}},"39":{"start":{"line":154,"column":28},"end":{"line":154,"column":62}},"40":{"start":{"line":155,"column":26},"end":{"line":155,"column":50}},"41":{"start":{"line":156,"column":22},"end":{"line":156,"column":45}},"42":{"start":{"line":158,"column":6},"end":{"line":162,"column":7}},"43":{"start":{"line":159,"column":8},"end":{"line":161,"column":10}},"44":{"start":{"line":164,"column":6},"end":{"line":165,"column":32}},"45":{"start":{"line":167,"column":6},"end":{"line":167,"column":58}},"46":{"start":{"line":179,"column":4},"end":{"line":179,"column":84}},"47":{"start":{"line":183,"column":0},"end":{"line":183,"column":31}}},"fnMap":{"0":{"name":"(anonymous_0)","decl":{"start":{"line":17,"column":2},"end":{"line":17,"column":3}},"loc":{"start":{"line":17,"column":23},"end":{"line":41,"column":3}},"line":17},"1":{"name":"(anonymous_1)","decl":{"start":{"line":46,"column":2},"end":{"line":46,"column":3}},"loc":{"start":{"line":46,"column":15},"end":{"line":54,"column":3}},"line":46},"2":{"name":"(anonymous_2)","decl":{"start":{"line":61,"column":2},"end":{"line":61,"column":3}},"loc":{"start":{"line":61,"column":41},"end":{"line":67,"column":3}},"line":61},"3":{"name":"(anonymous_3)","decl":{"start":{"line":76,"column":2},"end":{"line":76,"column":3}},"loc":{"start":{"line":76,"column":55},"end":{"line":90,"column":3}},"line":76},"4":{"name":"(anonymous_4)","decl":{"start":{"line":95,"column":2},"end":{"line":95,"column":3}},"loc":{"start":{"line":95,"column":20},"end":{"line":97,"column":3}},"line":95},"5":{"name":"(anonymous_5)","decl":{"start":{"line":102,"column":2},"end":{"line":102,"column":3}},"loc":{"start":{"line":102,"column":14},"end":{"line":127,"column":3}},"line":102},"6":{"name":"(anonymous_6)","decl":{"start":{"line":110,"column":31},"end":{"line":110,"column":32}},"loc":{"start":{"line":110,"column":40},"end":{"line":126,"column":5}},"line":110},"7":{"name":"(anonymous_7)","decl":{"start":{"line":137,"column":2},"end":{"line":137,"column":3}},"loc":{"start":{"line":137,"column":31},"end":{"line":169,"column":3}},"line":137},"8":{"name":"(anonymous_8)","decl":{"start":{"line":148,"column":40},"end":{"line":148,"column":41}},"loc":{"start":{"line":148,"column":50},"end":{"line":168,"column":5}},"line":148},"9":{"name":"(anonymous_9)","decl":{"start":{"line":178,"column":2},"end":{"line":178,"column":3}},"loc":{"start":{"line":178,"column":46},"end":{"line":180,"column":3}},"line":178}},"branchMap":{"0":{"loc":{"start":{"line":47,"column":4},"end":{"line":49,"column":5}},"type":"if","locations":[{"start":{"line":47,"column":4},"end":{"line":49,"column":5}},{"start":{"line":47,"column":4},"end":{"line":49,"column":5}}],"line":47},"1":{"loc":{"start":{"line":62,"column":4},"end":{"line":64,"column":5}},"type":"if","locations":[{"start":{"line":62,"column":4},"end":{"line":64,"column":5}},{"start":{"line":62,"column":4},"end":{"line":64,"column":5}}],"line":62},"2":{"loc":{"start":{"line":113,"column":31},"end":{"line":114,"column":43}},"type":"binary-expr","locations":[{"start":{"line":113,"column":31},"end":{"line":113,"column":61}},{"start":{"line":114,"column":8},"end":{"line":114,"column":43}}],"line":113},"3":{"loc":{"start":{"line":145,"column":6},"end":{"line":145,"column":25}},"type":"default-arg","locations":[{"start":{"line":145,"column":23},"end":{"line":145,"column":25}}],"line":145},"4":{"loc":{"start":{"line":149,"column":6},"end":{"line":151,"column":7}},"type":"if","locations":[{"start":{"line":149,"column":6},"end":{"line":151,"column":7}},{"start":{"line":149,"column":6},"end":{"line":151,"column":7}}],"line":149},"5":{"loc":{"start":{"line":154,"column":28},"end":{"line":154,"column":62}},"type":"binary-expr","locations":[{"start":{"line":154,"column":28},"end":{"line":154,"column":54}},{"start":{"line":154,"column":58},"end":{"line":154,"column":62}}],"line":154},"6":{"loc":{"start":{"line":158,"column":6},"end":{"line":162,"column":7}},"type":"if","locations":[{"start":{"line":158,"column":6},"end":{"line":162,"column":7}},{"start":{"line":158,"column":6},"end":{"line":162,"column":7}}],"line":158},"7":{"loc":{"start":{"line":164,"column":35},"end":{"line":164,"column":66}},"type":"binary-expr","locations":[{"start":{"line":164,"column":35},"end":{"line":164,"column":60}},{"start":{"line":164,"column":64},"end":{"line":164,"column":66}}],"line":164}},"s":{"0":1,"1":1,"2":1,"3":18,"4":18,"5":18,"6":18,"7":3,"8":1,"9":2,"10":2,"11":2,"12":2,"13":1,"14":1,"15":1,"16":1,"17":1,"18":1,"19":4,"20":4,"21":4,"22":4,"23":4,"24":4,"25":4,"26":4,"27":4,"28":4,"29":4,"30":4,"31":4,"32":4,"33":6,"34":6,"35":6,"36":9,"37":3,"38":6,"39":6,"40":6,"41":6,"42":6,"43":1,"44":5,"45":5,"46":4,"47":1},"f":{"0":18,"1":3,"2":2,"3":1,"4":1,"5":4,"6":4,"7":6,"8":9,"9":4},"b":{"0":[1,2],"1":[1,1],"2":[4,1],"3":[4],"4":[3,6],"5":[6,6],"6":[1,5],"7":[5,4]},"_coverageSchema":"332fd63041d2c1bcb487cc26dd0d5f7d97098a6c","hash":"592a1c905b2fdd80d67824e8738b060cb50f20d2"}
}
