TN:
SF:/home/jean_desravines/workspace/swagger-express-validator/lib/error/common/http-error.js
FN:16,(anonymous_0)
FNF:1
FNH:0
FNDA:0,(anonymous_0)
DA:17,0
DA:19,0
DA:20,0
DA:21,0
DA:25,1
LF:5
LH:1
BRF:0
BRH:0
end_of_record
TN:
SF:/home/jean_desravines/workspace/swagger-express-validator/lib/error/common/not-found-error.js
FN:14,(anonymous_0)
FNF:1
FNH:0
FNDA:0,(anonymous_0)
DA:1,1
DA:15,0
DA:22,1
LF:3
LH:2
BRF:0
BRH:0
end_of_record
TN:
SF:/home/jean_desravines/workspace/swagger-express-validator/lib/middleware/router.js
FN:17,(anonymous_0)
FN:44,(anonymous_1)
FN:52,(anonymous_2)
FN:53,(anonymous_3)
FN:65,(anonymous_4)
FN:70,(anonymous_5)
FN:100,(anonymous_6)
FN:108,(anonymous_7)
FN:135,(anonymous_8)
FN:136,(anonymous_9)
FNF:10
FNH:2
FNDA:1,(anonymous_0)
FNDA:1,(anonymous_1)
FNDA:0,(anonymous_2)
FNDA:0,(anonymous_3)
FNDA:0,(anonymous_4)
FNDA:0,(anonymous_5)
FNDA:0,(anonymous_6)
FNDA:0,(anonymous_7)
FNDA:0,(anonymous_8)
FNDA:0,(anonymous_9)
DA:3,1
DA:4,1
DA:5,1
DA:22,1
DA:28,1
DA:34,1
DA:38,1
DA:45,1
DA:46,1
DA:53,0
DA:54,0
DA:55,0
DA:58,0
DA:66,0
DA:67,0
DA:68,0
DA:70,0
DA:71,0
DA:72,0
DA:74,0
DA:76,0
DA:77,0
DA:78,0
DA:79,0
DA:81,0
DA:106,0
DA:108,0
DA:109,0
DA:110,0
DA:113,0
DA:114,0
DA:115,0
DA:116,0
DA:118,0
DA:119,0
DA:122,0
DA:124,0
DA:136,0
DA:137,0
DA:144,0
DA:149,0
DA:154,1
LF:42
LH:10
BRDA:54,0,0,0
BRDA:54,0,1,0
BRDA:72,1,0,0
BRDA:72,1,1,0
BRDA:76,2,0,0
BRDA:76,2,1,0
BRDA:109,3,0,0
BRDA:109,3,1,0
BRDA:114,4,0,0
BRDA:114,4,1,0
BRDA:118,5,0,0
BRDA:118,5,1,0
BRDA:122,6,0,0
BRDA:122,6,1,0
BRF:14
BRH:0
end_of_record
TN:
SF:/home/jean_desravines/workspace/swagger-express-validator/test/mock/request.js
FN:9,(anonymous_0)
FN:21,(anonymous_1)
FNF:2
FNH:0
FNDA:0,(anonymous_0)
FNDA:0,(anonymous_1)
DA:10,0
DA:19,0
DA:21,0
DA:22,0
DA:29,1
LF:5
LH:1
BRDA:9,0,0,0
BRDA:22,1,0,0
BRDA:22,1,1,0
BRF:3
BRH:0
end_of_record
TN:
SF:/home/jean_desravines/workspace/swagger-express-validator/test/mock/response.js
FN:9,(anonymous_0)
FN:15,(anonymous_1)
FNF:2
FNH:0
FNDA:0,(anonymous_0)
FNDA:0,(anonymous_1)
DA:10,0
DA:11,0
DA:12,0
DA:13,0
DA:15,0
DA:16,0
DA:23,1
LF:7
LH:1
BRDA:9,0,0,0
BRDA:16,1,0,0
BRDA:16,1,1,0
BRF:3
BRH:0
end_of_record
