TN:
SF:/home/jean_desravines/workspace/swagger-express-validator/lib/configuration/configuration.js
FNF:0
FNH:0
DA:1,3
LF:1
LH:1
BRF:0
BRH:0
end_of_record
TN:
SF:/home/jean_desravines/workspace/swagger-express-validator/lib/error/common/http-error.js
FN:16,(anonymous_0)
FNF:1
FNH:1
FNDA:4,(anonymous_0)
DA:17,4
DA:19,4
DA:20,4
DA:21,4
DA:25,1
LF:5
LH:5
BRF:0
BRH:0
end_of_record
TN:
SF:/home/jean_desravines/workspace/swagger-express-validator/lib/error/common/internal-error.js
FN:13,(anonymous_0)
FNF:1
FNH:1
FNDA:2,(anonymous_0)
DA:1,1
DA:14,2
DA:21,1
LF:3
LH:3
BRF:0
BRH:0
end_of_record
TN:
SF:/home/jean_desravines/workspace/swagger-express-validator/lib/error/common/unknown-error.js
FN:15,(anonymous_0)
FNF:1
FNH:1
FNDA:2,(anonymous_0)
DA:3,1
DA:16,2
DA:23,1
LF:3
LH:3
BRF:0
BRH:0
end_of_record
TN:
SF:/home/jean_desravines/workspace/swagger-express-validator/lib/error/validator/response-body-error.js
FN:16,(anonymous_0)
FNF:1
FNH:1
FNDA:2,(anonymous_0)
DA:3,1
DA:17,2
DA:23,1
LF:3
LH:3
BRF:0
BRH:0
end_of_record
TN:
SF:/home/jean_desravines/workspace/swagger-express-validator/lib/error/validator/response-status-error.js
FN:15,(anonymous_0)
FNF:1
FNH:1
FNDA:2,(anonymous_0)
DA:3,1
DA:16,2
DA:22,1
LF:3
LH:3
BRF:0
BRH:0
end_of_record
TN:
SF:/home/jean_desravines/workspace/swagger-express-validator/lib/middleware/error-handler.js
FN:16,(anonymous_0)
FN:38,(anonymous_1)
FNF:2
FNH:2
FNDA:5,(anonymous_0)
FNDA:7,(anonymous_1)
DA:1,1
DA:2,1
DA:17,5
DA:25,5
DA:26,1
DA:29,4
DA:30,4
DA:31,4
DA:35,4
DA:36,2
DA:38,7
DA:41,4
DA:42,3
DA:43,3
DA:46,4
DA:51,1
LF:16
LH:16
BRDA:25,0,0,1
BRDA:25,0,1,4
BRDA:30,1,0,4
BRDA:30,1,1,1
BRDA:35,2,0,2
BRDA:35,2,1,2
BRDA:35,3,0,4
BRDA:35,3,1,2
BRDA:41,4,0,3
BRDA:41,4,1,1
BRDA:41,5,0,4
BRDA:41,5,1,2
BRF:12
BRH:12
end_of_record
TN:
SF:/home/jean_desravines/workspace/swagger-express-validator/lib/middleware/middleware.js
FN:13,(anonymous_0)
FN:15,(anonymous_1)
FN:16,(anonymous_2)
FN:17,(anonymous_3)
FN:28,(anonymous_4)
FN:30,(anonymous_5)
FN:31,(anonymous_6)
FN:32,(anonymous_7)
FN:38,(anonymous_8)
FNF:9
FNH:9
FNDA:2,(anonymous_0)
FNDA:2,(anonymous_1)
FNDA:1,(anonymous_2)
FNDA:1,(anonymous_3)
FNDA:2,(anonymous_4)
FNDA:2,(anonymous_5)
FNDA:1,(anonymous_6)
FNDA:1,(anonymous_7)
FNDA:1,(anonymous_8)
DA:14,2
DA:15,2
DA:16,1
DA:17,1
DA:29,2
DA:30,2
DA:31,1
DA:32,1
DA:39,1
DA:43,6
LF:10
LH:10
BRF:0
BRH:0
end_of_record
TN:
SF:/home/jean_desravines/workspace/swagger-express-validator/lib/middleware/request-handler.js
FN:13,(anonymous_0)
FN:37,(anonymous_1)
FNF:2
FNH:2
FNDA:8,(anonymous_0)
FNDA:5,(anonymous_1)
DA:1,1
DA:14,8
DA:20,8
DA:21,8
DA:22,8
DA:23,8
DA:24,8
DA:26,8
DA:30,8
DA:31,5
DA:36,5
DA:37,4
DA:38,5
DA:39,4
DA:47,1
LF:15
LH:15
BRDA:30,0,0,5
BRDA:30,0,1,3
BRDA:30,1,0,8
BRDA:30,1,1,6
BRDA:30,1,2,6
BRDA:32,2,0,5
BRDA:32,2,1,3
BRDA:32,2,2,2
BRDA:33,3,0,5
BRDA:33,3,1,3
BRDA:36,4,0,4
BRDA:36,4,1,1
BRDA:38,5,0,4
BRDA:38,5,1,1
BRF:14
BRH:14
end_of_record
TN:
SF:/home/jean_desravines/workspace/swagger-express-validator/lib/middleware/request-performer.js
FN:16,(anonymous_0)
FN:21,(anonymous_1)
FN:22,(anonymous_2)
FN:27,(anonymous_3)
FNF:4
FNH:4
FNDA:3,(anonymous_0)
FNDA:3,(anonymous_1)
FNDA:3,(anonymous_2)
FNDA:2,(anonymous_3)
DA:1,1
DA:17,3
DA:20,3
DA:21,3
DA:23,3
DA:24,2
DA:25,2
DA:26,2
DA:27,2
DA:29,2
DA:30,1
DA:34,3
DA:35,2
DA:43,1
LF:14
LH:14
BRDA:23,0,0,2
BRDA:23,0,1,1
BRDA:23,1,0,3
BRDA:23,1,1,3
BRDA:23,1,2,2
BRDA:26,2,0,2
BRDA:26,2,1,1
BRDA:29,3,0,1
BRDA:29,3,1,1
BRDA:34,4,0,2
BRDA:34,4,1,1
BRF:11
BRH:11
end_of_record
TN:
SF:/home/jean_desravines/workspace/swagger-express-validator/lib/middleware/response-sender.js
FN:15,(anonymous_0)
FNF:1
FNH:1
FNDA:2,(anonymous_0)
DA:1,1
DA:16,2
DA:22,2
DA:24,2
DA:30,1
LF:5
LH:5
BRDA:19,0,0,1
BRF:1
BRH:1
end_of_record
TN:
SF:/home/jean_desravines/workspace/swagger-express-validator/lib/middleware/response-validator.js
FN:22,(anonymous_0)
FN:30,(anonymous_1)
FNF:2
FNH:2
FNDA:6,(anonymous_0)
FNDA:6,(anonymous_1)
DA:3,1
DA:4,1
DA:5,1
DA:6,1
DA:8,1
DA:9,1
DA:23,6
DA:31,6
DA:32,6
DA:34,6
DA:46,6
DA:47,6
DA:48,6
DA:49,6
DA:51,6
DA:52,6
DA:54,6
DA:55,1
DA:58,5
DA:59,4
DA:61,4
DA:62,3
DA:63,3
DA:66,4
DA:67,1
DA:71,4
DA:72,3
DA:77,1
LF:28
LH:28
BRDA:38,0,0,6
BRDA:38,0,1,5
BRDA:51,1,0,6
BRDA:51,1,1,4
BRDA:54,2,0,1
BRDA:54,2,1,5
BRDA:58,3,0,4
BRDA:58,3,1,1
BRDA:61,4,0,3
BRDA:61,4,1,1
BRDA:66,5,0,1
BRDA:66,5,1,3
BRDA:71,6,0,3
BRDA:71,6,1,1
BRF:14
BRH:14
end_of_record
TN:
SF:/home/jean_desravines/workspace/swagger-express-validator/test/mock/request.js
FN:9,(anonymous_0)
FN:21,(anonymous_1)
FNF:2
FNH:2
FNDA:27,(anonymous_0)
FNDA:35,(anonymous_1)
DA:10,27
DA:19,27
DA:21,27
DA:22,35
DA:29,6
LF:5
LH:5
BRDA:9,0,0,9
BRDA:22,1,0,10
BRDA:22,1,1,25
BRF:3
BRH:3
end_of_record
TN:
SF:/home/jean_desravines/workspace/swagger-express-validator/test/mock/response.js
FN:9,(anonymous_0)
FN:15,(anonymous_1)
FNF:2
FNH:2
FNDA:14,(anonymous_0)
FNDA:1,(anonymous_1)
DA:10,14
DA:11,14
DA:12,14
DA:13,14
DA:15,14
DA:16,1
DA:23,4
LF:7
LH:7
BRDA:9,0,0,13
BRDA:16,1,0,0
BRDA:16,1,1,1
BRF:3
BRH:2
end_of_record
TN:
SF:/home/jean_desravines/workspace/swagger-express-validator/test/mock/sandbox.js
FN:8,(anonymous_0)
FN:21,(anonymous_1)
FN:23,(anonymous_2)
FN:32,(anonymous_3)
FN:33,(anonymous_4)
FN:41,(anonymous_5)
FNF:6
FNH:5
FNDA:1,(anonymous_0)
FNDA:4,(anonymous_1)
FNDA:0,(anonymous_2)
FNDA:5,(anonymous_3)
FNDA:4,(anonymous_4)
FNDA:1,(anonymous_5)
DA:12,1
DA:22,4
DA:23,0
DA:26,4
DA:33,5
DA:34,5
DA:42,1
DA:46,1
LF:8
LH:7
BRDA:22,0,0,0
BRDA:22,0,1,4
BRF:2
BRH:1
end_of_record
